<?xml version="1.0"?>
<!DOCTYPE coverage SYSTEM "http://cobertura.sourceforge.net/xml/coverage-04.dtd">

<coverage line-rate="1.0" branch-rate="1.0" lines-covered="400" lines-valid="400" branches-covered="134" branches-valid="134" complexity="1.8662420382165605" version="1.9.4.1" timestamp="1302840223945">
	<sources>
		<source>--source</source>
		<source>/Users/pholser/java/property-binder/src/main/java</source>
	</sources>
	<packages>
		<package name="com.pholser.util.properties" line-rate="1.0" branch-rate="1.0" complexity="1.0666666666666667">
			<classes>
				<class name="com.pholser.util.properties.BoundProperty" filename="com/pholser/util/properties/BoundProperty.java" line-rate="1.0" branch-rate="1.0" complexity="0.0">
					<methods>
					</methods>
					<lines>
					</lines>
				</class>
				<class name="com.pholser.util.properties.DefaultsTo" filename="com/pholser/util/properties/DefaultsTo.java" line-rate="1.0" branch-rate="1.0" complexity="0.0">
					<methods>
					</methods>
					<lines>
					</lines>
				</class>
				<class name="com.pholser.util.properties.ParsedAs" filename="com/pholser/util/properties/ParsedAs.java" line-rate="1.0" branch-rate="1.0" complexity="0.0">
					<methods>
					</methods>
					<lines>
					</lines>
				</class>
				<class name="com.pholser.util.properties.PropertyBinder" filename="com/pholser/util/properties/PropertyBinder.java" line-rate="1.0" branch-rate="1.0" complexity="1.0909090909090908">
					<methods>
						<method name="&lt;init&gt;" signature="(Ljava/lang/Class;)V" line-rate="1.0" branch-rate="1.0">
							<lines>
								<line number="115" hits="301" branch="false"/>
								<line number="116" hits="301" branch="false"/>
								<line number="117" hits="278" branch="false"/>
							</lines>
						</method>
						<method name="bind" signature="(Lcom/pholser/util/properties/PropertySource;)Ljava/lang/Object;" line-rate="1.0" branch-rate="1.0">
							<lines>
								<line number="219" hits="2" branch="false"/>
							</lines>
						</method>
						<method name="bind" signature="(Ljava/io/File;)Ljava/lang/Object;" line-rate="1.0" branch-rate="1.0">
							<lines>
								<line number="157" hits="225" branch="false"/>
								<line number="160" hits="225" branch="false"/>
								<line number="161" hits="224" branch="false"/>
								<line number="163" hits="224" branch="false"/>
							</lines>
						</method>
						<method name="bind" signature="(Ljava/io/InputStream;)Ljava/lang/Object;" line-rate="1.0" branch-rate="1.0">
							<lines>
								<line number="144" hits="226" branch="false"/>
							</lines>
						</method>
						<method name="bind" signature="(Ljava/util/Map;)Ljava/lang/Object;" line-rate="1.0" branch-rate="1.0">
							<lines>
								<line number="191" hits="15" branch="false"/>
							</lines>
						</method>
						<method name="bind" signature="(Ljava/util/Properties;)Ljava/lang/Object;" line-rate="1.0" branch-rate="1.0">
							<lines>
								<line number="177" hits="31" branch="false"/>
							</lines>
						</method>
						<method name="bind" signature="(Ljava/util/ResourceBundle;)Ljava/lang/Object;" line-rate="1.0" branch-rate="1.0">
							<lines>
								<line number="205" hits="13" branch="false"/>
							</lines>
						</method>
						<method name="evaluate" signature="(Lcom/pholser/util/properties/PropertySource;)Ljava/lang/Object;" line-rate="1.0" branch-rate="1.0">
							<lines>
								<line number="223" hits="284" branch="false"/>
							</lines>
						</method>
						<method name="forType" signature="(Ljava/lang/Class;)Lcom/pholser/util/properties/PropertyBinder;" line-rate="1.0" branch-rate="1.0">
							<lines>
								<line number="131" hits="93" branch="false"/>
							</lines>
						</method>
						<method name="getSystemProperties" signature="()Lcom/pholser/util/properties/SystemProperties;" line-rate="1.0" branch-rate="1.0">
							<lines>
								<line number="232" hits="28" branch="false"/>
							</lines>
						</method>
						<method name="loadProperties" signature="(Ljava/io/InputStream;)Lcom/pholser/util/properties/PropertySource;" line-rate="1.0" branch-rate="1.0">
							<lines>
								<line number="236" hits="226" branch="false"/>
								<line number="237" hits="226" branch="false"/>
								<line number="238" hits="225" branch="false"/>
							</lines>
						</method>
					</methods>
					<lines>
						<line number="115" hits="301" branch="false"/>
						<line number="116" hits="301" branch="false"/>
						<line number="117" hits="278" branch="false"/>
						<line number="131" hits="93" branch="false"/>
						<line number="144" hits="226" branch="false"/>
						<line number="157" hits="225" branch="false"/>
						<line number="160" hits="225" branch="false"/>
						<line number="161" hits="224" branch="false"/>
						<line number="163" hits="224" branch="false"/>
						<line number="177" hits="31" branch="false"/>
						<line number="191" hits="15" branch="false"/>
						<line number="205" hits="13" branch="false"/>
						<line number="219" hits="2" branch="false"/>
						<line number="223" hits="284" branch="false"/>
						<line number="232" hits="28" branch="false"/>
						<line number="236" hits="226" branch="false"/>
						<line number="237" hits="226" branch="false"/>
						<line number="238" hits="225" branch="false"/>
					</lines>
				</class>
				<class name="com.pholser.util.properties.PropertySource" filename="com/pholser/util/properties/PropertySource.java" line-rate="1.0" branch-rate="1.0" complexity="1.0">
					<methods>
					</methods>
					<lines>
					</lines>
				</class>
				<class name="com.pholser.util.properties.SubstitutableProperties" filename="com/pholser/util/properties/SubstitutableProperties.java" line-rate="1.0" branch-rate="1.0" complexity="1.4">
					<methods>
						<method name="&lt;init&gt;" signature="()V" line-rate="1.0" branch-rate="1.0">
							<lines>
								<line number="48" hits="231" branch="false"/>
								<line number="50" hits="231" branch="false"/>
							</lines>
						</method>
						<method name="&lt;init&gt;" signature="(Ljava/util/Properties;)V" line-rate="1.0" branch-rate="1.0">
							<lines>
								<line number="58" hits="42" branch="false"/>
								<line number="59" hits="42" branch="false"/>
							</lines>
						</method>
						<method name="getProperty" signature="(Ljava/lang/String;)Ljava/lang/String;" line-rate="1.0" branch-rate="1.0">
							<lines>
								<line number="63" hits="1271" branch="false"/>
							</lines>
						</method>
						<method name="propertyFor" signature="(Ljava/lang/String;)Ljava/lang/Object;" line-rate="1.0" branch-rate="1.0">
							<lines>
								<line number="68" hits="1158" branch="false"/>
							</lines>
						</method>
						<method name="toString" signature="()Ljava/lang/String;" line-rate="1.0" branch-rate="1.0">
							<lines>
								<line number="73" hits="2" branch="false"/>
								<line number="74" hits="2" branch="true" condition-coverage="100% (2/2)">
									<conditions>
										<condition number="0" type="jump" coverage="100%"/>
									</conditions>
								</line>
								<line number="75" hits="105" branch="false"/>
								<line number="76" hits="105" branch="false"/>
								<line number="77" hits="105" branch="true" condition-coverage="100% (2/2)">
									<conditions>
										<condition number="0" type="jump" coverage="100%"/>
									</conditions>
								</line>
								<line number="78" hits="103" branch="false"/>
								<line number="79" hits="105" branch="false"/>
								<line number="80" hits="2" branch="false"/>
								<line number="81" hits="2" branch="false"/>
							</lines>
						</method>
					</methods>
					<lines>
						<line number="48" hits="231" branch="false"/>
						<line number="50" hits="231" branch="false"/>
						<line number="58" hits="42" branch="false"/>
						<line number="59" hits="42" branch="false"/>
						<line number="63" hits="1271" branch="false"/>
						<line number="68" hits="1158" branch="false"/>
						<line number="73" hits="2" branch="false"/>
						<line number="74" hits="2" branch="true" condition-coverage="100% (2/2)">
							<conditions>
								<condition number="0" type="jump" coverage="100%"/>
							</conditions>
						</line>
						<line number="75" hits="105" branch="false"/>
						<line number="76" hits="105" branch="false"/>
						<line number="77" hits="105" branch="true" condition-coverage="100% (2/2)">
							<conditions>
								<condition number="0" type="jump" coverage="100%"/>
							</conditions>
						</line>
						<line number="78" hits="103" branch="false"/>
						<line number="79" hits="105" branch="false"/>
						<line number="80" hits="2" branch="false"/>
						<line number="81" hits="2" branch="false"/>
					</lines>
				</class>
				<class name="com.pholser.util.properties.SystemProperties" filename="com/pholser/util/properties/SystemProperties.java" line-rate="1.0" branch-rate="1.0" complexity="1.0">
					<methods>
					</methods>
					<lines>
					</lines>
				</class>
				<class name="com.pholser.util.properties.ValuesSeparatedBy" filename="com/pholser/util/properties/ValuesSeparatedBy.java" line-rate="1.0" branch-rate="1.0" complexity="0.0">
					<methods>
					</methods>
					<lines>
					</lines>
				</class>
			</classes>
		</package>
		<package name="com.pholser.util.properties.internal" line-rate="1.0" branch-rate="1.0" complexity="2.142857142857143">
			<classes>
				<class name="com.pholser.util.properties.internal.IO" filename="com/pholser/util/properties/internal/IO.java" line-rate="1.0" branch-rate="1.0" complexity="2.0">
					<methods>
						<method name="&lt;clinit&gt;" signature="()V" line-rate="1.0" branch-rate="1.0">
							<lines>
								<line number="33" hits="1" branch="false"/>
								<line number="34" hits="1" branch="false"/>
							</lines>
						</method>
						<method name="&lt;init&gt;" signature="()V" line-rate="1.0" branch-rate="1.0">
							<lines>
								<line number="36" hits="1" branch="false"/>
								<line number="38" hits="1" branch="false"/>
							</lines>
						</method>
						<method name="closeQuietly" signature="(Ljava/io/InputStream;)V" line-rate="1.0" branch-rate="1.0">
							<lines>
								<line number="42" hits="234" branch="true" condition-coverage="100% (2/2)">
									<conditions>
										<condition number="0" type="jump" coverage="100%"/>
									</conditions>
								</line>
								<line number="43" hits="232" branch="false"/>
								<line number="44" hits="1" branch="false"/>
								<line number="46" hits="233" branch="false"/>
								<line number="47" hits="234" branch="false"/>
							</lines>
						</method>
					</methods>
					<lines>
						<line number="33" hits="1" branch="false"/>
						<line number="34" hits="1" branch="false"/>
						<line number="36" hits="1" branch="false"/>
						<line number="38" hits="1" branch="false"/>
						<line number="42" hits="234" branch="true" condition-coverage="100% (2/2)">
							<conditions>
								<condition number="0" type="jump" coverage="100%"/>
							</conditions>
						</line>
						<line number="43" hits="232" branch="false"/>
						<line number="44" hits="1" branch="false"/>
						<line number="46" hits="233" branch="false"/>
						<line number="47" hits="234" branch="false"/>
					</lines>
				</class>
				<class name="com.pholser.util.properties.internal.MapPropertySource" filename="com/pholser/util/properties/internal/MapPropertySource.java" line-rate="1.0" branch-rate="1.0" complexity="1.6666666666666667">
					<methods>
						<method name="&lt;init&gt;" signature="(Ljava/util/Map;)V" line-rate="1.0" branch-rate="1.0">
							<lines>
								<line number="35" hits="15" branch="false"/>
								<line number="36" hits="15" branch="true" condition-coverage="100% (2/2)">
									<conditions>
										<condition number="0" type="jump" coverage="100%"/>
									</conditions>
								</line>
								<line number="37" hits="1" branch="false"/>
								<line number="39" hits="14" branch="false"/>
								<line number="40" hits="14" branch="false"/>
							</lines>
						</method>
						<method name="propertyFor" signature="(Ljava/lang/String;)Ljava/lang/Object;" line-rate="1.0" branch-rate="1.0">
							<lines>
								<line number="44" hits="142" branch="false"/>
							</lines>
						</method>
						<method name="toString" signature="()Ljava/lang/String;" line-rate="1.0" branch-rate="1.0">
							<lines>
								<line number="49" hits="1" branch="false"/>
							</lines>
						</method>
					</methods>
					<lines>
						<line number="35" hits="15" branch="false"/>
						<line number="36" hits="15" branch="true" condition-coverage="100% (2/2)">
							<conditions>
								<condition number="0" type="jump" coverage="100%"/>
							</conditions>
						</line>
						<line number="37" hits="1" branch="false"/>
						<line number="39" hits="14" branch="false"/>
						<line number="40" hits="14" branch="false"/>
						<line number="44" hits="142" branch="false"/>
						<line number="49" hits="1" branch="false"/>
					</lines>
				</class>
				<class name="com.pholser.util.properties.internal.Objects" filename="com/pholser/util/properties/internal/Objects.java" line-rate="1.0" branch-rate="1.0" complexity="1.5">
					<methods>
						<method name="&lt;clinit&gt;" signature="()V" line-rate="1.0" branch-rate="1.0">
							<lines>
								<line number="30" hits="1" branch="false"/>
								<line number="31" hits="1" branch="false"/>
							</lines>
						</method>
						<method name="&lt;init&gt;" signature="()V" line-rate="1.0" branch-rate="1.0">
							<lines>
								<line number="33" hits="1" branch="false"/>
								<line number="35" hits="1" branch="false"/>
							</lines>
						</method>
						<method name="areEqual" signature="(Ljava/lang/Object;Ljava/lang/Object;)Z" line-rate="1.0" branch-rate="1.0">
							<lines>
								<line number="38" hits="2510" branch="true" condition-coverage="100% (4/4)">
									<conditions>
										<condition number="0" type="jump" coverage="100%"/>
										<condition number="1" type="jump" coverage="100%"/>
									</conditions>
								</line>
							</lines>
						</method>
					</methods>
					<lines>
						<line number="30" hits="1" branch="false"/>
						<line number="31" hits="1" branch="false"/>
						<line number="33" hits="1" branch="false"/>
						<line number="35" hits="1" branch="false"/>
						<line number="38" hits="2510" branch="true" condition-coverage="100% (4/4)">
							<conditions>
								<condition number="0" type="jump" coverage="100%"/>
								<condition number="1" type="jump" coverage="100%"/>
							</conditions>
						</line>
					</lines>
				</class>
				<class name="com.pholser.util.properties.internal.PropertyBinderInvocationHandler" filename="com/pholser/util/properties/internal/PropertyBinderInvocationHandler.java" line-rate="1.0" branch-rate="1.0" complexity="2.5">
					<methods>
						<method name="&lt;init&gt;" signature="(Lcom/pholser/util/properties/PropertySource;Lcom/pholser/util/properties/internal/ValidatedSchema;)V" line-rate="1.0" branch-rate="1.0">
							<lines>
								<line number="39" hits="279" branch="false"/>
								<line number="40" hits="279" branch="false"/>
								<line number="41" hits="279" branch="false"/>
								<line number="42" hits="279" branch="false"/>
							</lines>
						</method>
						<method name="handleObjectMethod" signature="(Ljava/lang/Object;Ljava/lang/reflect/Method;[Ljava/lang/Object;)Ljava/lang/Object;" line-rate="1.0" branch-rate="1.0">
							<lines>
								<line number="53" hits="10" branch="true" condition-coverage="100% (2/2)">
									<conditions>
										<condition number="0" type="jump" coverage="100%"/>
									</conditions>
								</line>
								<line number="54" hits="4" branch="true" condition-coverage="100% (2/2)">
									<conditions>
										<condition number="0" type="jump" coverage="100%"/>
									</conditions>
								</line>
								<line number="56" hits="6" branch="true" condition-coverage="100% (2/2)">
									<conditions>
										<condition number="0" type="jump" coverage="100%"/>
									</conditions>
								</line>
								<line number="57" hits="1" branch="false"/>
								<line number="59" hits="5" branch="false"/>
							</lines>
						</method>
						<method name="handleToString" signature="()Ljava/lang/String;" line-rate="1.0" branch-rate="1.0">
							<lines>
								<line number="63" hits="5" branch="false"/>
							</lines>
						</method>
						<method name="invoke" signature="(Ljava/lang/Object;Ljava/lang/reflect/Method;[Ljava/lang/Object;)Ljava/lang/Object;" line-rate="1.0" branch-rate="1.0">
							<lines>
								<line number="46" hits="1286" branch="true" condition-coverage="100% (2/2)">
									<conditions>
										<condition number="0" type="jump" coverage="100%"/>
									</conditions>
								</line>
								<line number="47" hits="10" branch="false"/>
								<line number="49" hits="1276" branch="false"/>
							</lines>
						</method>
					</methods>
					<lines>
						<line number="39" hits="279" branch="false"/>
						<line number="40" hits="279" branch="false"/>
						<line number="41" hits="279" branch="false"/>
						<line number="42" hits="279" branch="false"/>
						<line number="46" hits="1286" branch="true" condition-coverage="100% (2/2)">
							<conditions>
								<condition number="0" type="jump" coverage="100%"/>
							</conditions>
						</line>
						<line number="47" hits="10" branch="false"/>
						<line number="49" hits="1276" branch="false"/>
						<line number="53" hits="10" branch="true" condition-coverage="100% (2/2)">
							<conditions>
								<condition number="0" type="jump" coverage="100%"/>
							</conditions>
						</line>
						<line number="54" hits="4" branch="true" condition-coverage="100% (2/2)">
							<conditions>
								<condition number="0" type="jump" coverage="100%"/>
							</conditions>
						</line>
						<line number="56" hits="6" branch="true" condition-coverage="100% (2/2)">
							<conditions>
								<condition number="0" type="jump" coverage="100%"/>
							</conditions>
						</line>
						<line number="57" hits="1" branch="false"/>
						<line number="59" hits="5" branch="false"/>
						<line number="63" hits="5" branch="false"/>
					</lines>
				</class>
				<class name="com.pholser.util.properties.internal.Reflection" filename="com/pholser/util/properties/internal/Reflection.java" line-rate="1.0" branch-rate="1.0" complexity="4.333333333333333">
					<methods>
						<method name="&lt;clinit&gt;" signature="()V" line-rate="1.0" branch-rate="1.0">
							<lines>
								<line number="35" hits="1" branch="false"/>
								<line number="36" hits="1" branch="false"/>
							</lines>
						</method>
						<method name="&lt;init&gt;" signature="()V" line-rate="1.0" branch-rate="1.0">
							<lines>
								<line number="38" hits="1" branch="false"/>
								<line number="40" hits="1" branch="false"/>
							</lines>
						</method>
						<method name="invokeQuietly" signature="(Ljava/lang/Class;Ljava/lang/String;Ljava/lang/Object;[Ljava/lang/Object;)Ljava/lang/Object;" line-rate="1.0" branch-rate="1.0">
							<lines>
								<line number="44" hits="50644" branch="false"/>
								<line number="45" hits="1" branch="false"/>
								<line number="46" hits="1" branch="false"/>
							</lines>
						</method>
						<method name="invokeQuietly" signature="(Ljava/lang/reflect/Method;Ljava/lang/Object;[Ljava/lang/Object;)Ljava/lang/Object;" line-rate="1.0" branch-rate="1.0">
							<lines>
								<line number="52" hits="73843" branch="false"/>
								<line number="53" hits="1" branch="false"/>
								<line number="54" hits="1" branch="false"/>
								<line number="55" hits="3" branch="false"/>
								<line number="56" hits="3" branch="false"/>
								<line number="57" hits="1" branch="false"/>
								<line number="58" hits="1" branch="false"/>
							</lines>
						</method>
					</methods>
					<lines>
						<line number="35" hits="1" branch="false"/>
						<line number="36" hits="1" branch="false"/>
						<line number="38" hits="1" branch="false"/>
						<line number="40" hits="1" branch="false"/>
						<line number="44" hits="50644" branch="false"/>
						<line number="45" hits="1" branch="false"/>
						<line number="46" hits="1" branch="false"/>
						<line number="52" hits="73843" branch="false"/>
						<line number="53" hits="1" branch="false"/>
						<line number="54" hits="1" branch="false"/>
						<line number="55" hits="3" branch="false"/>
						<line number="56" hits="3" branch="false"/>
						<line number="57" hits="1" branch="false"/>
						<line number="58" hits="1" branch="false"/>
					</lines>
				</class>
				<class name="com.pholser.util.properties.internal.ResourceBundlePropertySource" filename="com/pholser/util/properties/internal/ResourceBundlePropertySource.java" line-rate="1.0" branch-rate="1.0" complexity="2.3333333333333335">
					<methods>
						<method name="&lt;init&gt;" signature="(Ljava/util/ResourceBundle;)V" line-rate="1.0" branch-rate="1.0">
							<lines>
								<line number="36" hits="13" branch="false"/>
								<line number="37" hits="13" branch="true" condition-coverage="100% (2/2)">
									<conditions>
										<condition number="0" type="jump" coverage="100%"/>
									</conditions>
								</line>
								<line number="38" hits="1" branch="false"/>
								<line number="40" hits="12" branch="false"/>
								<line number="41" hits="12" branch="false"/>
							</lines>
						</method>
						<method name="propertyFor" signature="(Ljava/lang/String;)Ljava/lang/Object;" line-rate="1.0" branch-rate="1.0">
							<lines>
								<line number="46" hits="138" branch="false"/>
								<line number="47" hits="64" branch="false"/>
								<line number="48" hits="64" branch="false"/>
							</lines>
						</method>
						<method name="toString" signature="()Ljava/lang/String;" line-rate="1.0" branch-rate="1.0">
							<lines>
								<line number="54" hits="1" branch="false"/>
							</lines>
						</method>
					</methods>
					<lines>
						<line number="36" hits="13" branch="false"/>
						<line number="37" hits="13" branch="true" condition-coverage="100% (2/2)">
							<conditions>
								<condition number="0" type="jump" coverage="100%"/>
							</conditions>
						</line>
						<line number="38" hits="1" branch="false"/>
						<line number="40" hits="12" branch="false"/>
						<line number="41" hits="12" branch="false"/>
						<line number="46" hits="138" branch="false"/>
						<line number="47" hits="64" branch="false"/>
						<line number="48" hits="64" branch="false"/>
						<line number="54" hits="1" branch="false"/>
					</lines>
				</class>
				<class name="com.pholser.util.properties.internal.Schemata" filename="com/pholser/util/properties/internal/Schemata.java" line-rate="1.0" branch-rate="1.0" complexity="1.5">
					<methods>
						<method name="&lt;clinit&gt;" signature="()V" line-rate="1.0" branch-rate="1.0">
							<lines>
								<line number="39" hits="1" branch="false"/>
								<line number="40" hits="1" branch="false"/>
							</lines>
						</method>
						<method name="&lt;init&gt;" signature="()V" line-rate="1.0" branch-rate="1.0">
							<lines>
								<line number="42" hits="1" branch="false"/>
								<line number="44" hits="1" branch="false"/>
							</lines>
						</method>
						<method name="annotationDefault" signature="(Ljava/lang/Class;Ljava/lang/String;)Ljava/lang/Object;" line-rate="1.0" branch-rate="1.0">
							<lines>
								<line number="53" hits="66554" branch="false"/>
								<line number="54" hits="1" branch="false"/>
								<line number="55" hits="1" branch="false"/>
							</lines>
						</method>
						<method name="isDefault" signature="(Ljava/lang/Object;Ljava/lang/Class;Ljava/lang/String;)Z" line-rate="1.0" branch-rate="1.0">
							<lines>
								<line number="60" hits="50643" branch="false"/>
								<line number="61" hits="50643" branch="false"/>
							</lines>
						</method>
						<method name="isDefaultDefaultValue" signature="(Lcom/pholser/util/properties/DefaultsTo;)Z" line-rate="1.0" branch-rate="1.0">
							<lines>
								<line number="73" hits="17982" branch="false"/>
							</lines>
						</method>
						<method name="isDefaultDefaultValueOf" signature="(Lcom/pholser/util/properties/DefaultsTo;)Z" line-rate="1.0" branch-rate="1.0">
							<lines>
								<line number="77" hits="8992" branch="false"/>
							</lines>
						</method>
						<method name="isDefaultPattern" signature="(Lcom/pholser/util/properties/ValuesSeparatedBy;)Z" line-rate="1.0" branch-rate="1.0">
							<lines>
								<line number="69" hits="15779" branch="false"/>
							</lines>
						</method>
						<method name="isDefaultSeparatorValueOf" signature="(Lcom/pholser/util/properties/ValuesSeparatedBy;)Z" line-rate="1.0" branch-rate="1.0">
							<lines>
								<line number="65" hits="7890" branch="false"/>
							</lines>
						</method>
						<method name="propertyNameFor" signature="(Ljava/lang/reflect/Method;)Ljava/lang/String;" line-rate="1.0" branch-rate="1.0">
							<lines>
								<line number="47" hits="20597" branch="false"/>
								<line number="48" hits="20597" branch="true" condition-coverage="100% (2/2)">
									<conditions>
										<condition number="0" type="jump" coverage="100%"/>
									</conditions>
								</line>
							</lines>
						</method>
					</methods>
					<lines>
						<line number="39" hits="1" branch="false"/>
						<line number="40" hits="1" branch="false"/>
						<line number="42" hits="1" branch="false"/>
						<line number="44" hits="1" branch="false"/>
						<line number="47" hits="20597" branch="false"/>
						<line number="48" hits="20597" branch="true" condition-coverage="100% (2/2)">
							<conditions>
								<condition number="0" type="jump" coverage="100%"/>
							</conditions>
						</line>
						<line number="53" hits="66554" branch="false"/>
						<line number="54" hits="1" branch="false"/>
						<line number="55" hits="1" branch="false"/>
						<line number="60" hits="50643" branch="false"/>
						<line number="61" hits="50643" branch="false"/>
						<line number="65" hits="7890" branch="false"/>
						<line number="69" hits="15779" branch="false"/>
						<line number="73" hits="17982" branch="false"/>
						<line number="77" hits="8992" branch="false"/>
					</lines>
				</class>
				<class name="com.pholser.util.properties.internal.Substitutions" filename="com/pholser/util/properties/internal/Substitutions.java" line-rate="1.0" branch-rate="1.0" complexity="2.0">
					<methods>
						<method name="&lt;clinit&gt;" signature="()V" line-rate="1.0" branch-rate="1.0">
							<lines>
								<line number="36" hits="1" branch="false"/>
								<line number="39" hits="1" branch="false"/>
								<line number="40" hits="1" branch="false"/>
							</lines>
						</method>
						<method name="&lt;init&gt;" signature="()V" line-rate="1.0" branch-rate="1.0">
							<lines>
								<line number="42" hits="1" branch="false"/>
								<line number="44" hits="1" branch="false"/>
							</lines>
						</method>
						<method name="substitute" signature="(Lcom/pholser/util/properties/PropertySource;Ljava/lang/String;)Ljava/lang/String;" line-rate="1.0" branch-rate="1.0">
							<lines>
								<line number="47" hits="1420" branch="false"/>
								<line number="48" hits="1420" branch="false"/>
								<line number="50" hits="2505" branch="true" condition-coverage="100% (2/2)">
									<conditions>
										<condition number="0" type="jump" coverage="100%"/>
									</conditions>
								</line>
								<line number="51" hits="1089" branch="false"/>
								<line number="52" hits="1089" branch="false"/>
								<line number="55" hits="1416" branch="false"/>
							</lines>
						</method>
						<method name="substituteReferences" signature="(Lcom/pholser/util/properties/PropertySource;Ljava/lang/CharSequence;)Ljava/lang/String;" line-rate="1.0" branch-rate="1.0">
							<lines>
								<line number="59" hits="1089" branch="false"/>
								<line number="60" hits="1089" branch="false"/>
								<line number="61" hits="1247" branch="true" condition-coverage="100% (2/2)">
									<conditions>
										<condition number="0" type="jump" coverage="100%"/>
									</conditions>
								</line>
								<line number="62" hits="162" branch="false"/>
								<line number="63" hits="158" branch="true" condition-coverage="100% (2/2)">
									<conditions>
										<condition number="0" type="jump" coverage="100%"/>
									</conditions>
								</line>
								<line number="64" hits="158" branch="false"/>
								<line number="65" hits="1085" branch="false"/>
								<line number="66" hits="1085" branch="false"/>
							</lines>
						</method>
					</methods>
					<lines>
						<line number="36" hits="1" branch="false"/>
						<line number="39" hits="1" branch="false"/>
						<line number="40" hits="1" branch="false"/>
						<line number="42" hits="1" branch="false"/>
						<line number="44" hits="1" branch="false"/>
						<line number="47" hits="1420" branch="false"/>
						<line number="48" hits="1420" branch="false"/>
						<line number="50" hits="2505" branch="true" condition-coverage="100% (2/2)">
							<conditions>
								<condition number="0" type="jump" coverage="100%"/>
							</conditions>
						</line>
						<line number="51" hits="1089" branch="false"/>
						<line number="52" hits="1089" branch="false"/>
						<line number="55" hits="1416" branch="false"/>
						<line number="59" hits="1089" branch="false"/>
						<line number="60" hits="1089" branch="false"/>
						<line number="61" hits="1247" branch="true" condition-coverage="100% (2/2)">
							<conditions>
								<condition number="0" type="jump" coverage="100%"/>
							</conditions>
						</line>
						<line number="62" hits="162" branch="false"/>
						<line number="63" hits="158" branch="true" condition-coverage="100% (2/2)">
							<conditions>
								<condition number="0" type="jump" coverage="100%"/>
							</conditions>
						</line>
						<line number="64" hits="158" branch="false"/>
						<line number="65" hits="1085" branch="false"/>
						<line number="66" hits="1085" branch="false"/>
					</lines>
				</class>
				<class name="com.pholser.util.properties.internal.ValidatedSchema" filename="com/pholser/util/properties/internal/ValidatedSchema.java" line-rate="1.0" branch-rate="1.0" complexity="2.142857142857143">
					<methods>
						<method name="&lt;init&gt;" signature="(Ljava/lang/Class;Ljava/util/Map;Ljava/util/Map;)V" line-rate="1.0" branch-rate="1.0">
							<lines>
								<line number="45" hits="278" branch="false"/>
								<line number="47" hits="278" branch="false"/>
								<line number="48" hits="278" branch="false"/>
								<line number="49" hits="278" branch="false"/>
								<line number="50" hits="278" branch="false"/>
							</lines>
						</method>
						<method name="convert" signature="(Lcom/pholser/util/properties/PropertySource;Ljava/lang/reflect/Method;[Ljava/lang/Object;)Ljava/lang/Object;" line-rate="1.0" branch-rate="1.0">
							<lines>
								<line number="68" hits="1276" branch="false"/>
								<line number="69" hits="1276" branch="false"/>
								<line number="71" hits="1276" branch="false"/>
								<line number="72" hits="1276" branch="true" condition-coverage="100% (2/2)">
									<conditions>
										<condition number="0" type="jump" coverage="100%"/>
									</conditions>
								</line>
								<line number="73" hits="663" branch="false"/>
								<line number="74" hits="613" branch="true" condition-coverage="100% (2/2)">
									<conditions>
										<condition number="0" type="jump" coverage="100%"/>
									</conditions>
								</line>
								<line number="75" hits="581" branch="false"/>
								<line number="76" hits="32" branch="false"/>
							</lines>
						</method>
						<method name="createTypedProxyFor" signature="(Lcom/pholser/util/properties/PropertySource;)Ljava/lang/Object;" line-rate="1.0" branch-rate="1.0">
							<lines>
								<line number="62" hits="279" branch="false"/>
							</lines>
						</method>
						<method name="evaluate" signature="(Lcom/pholser/util/properties/PropertySource;)Ljava/lang/Object;" line-rate="1.0" branch-rate="1.0">
							<lines>
								<line number="53" hits="284" branch="true" condition-coverage="100% (2/2)">
									<conditions>
										<condition number="0" type="jump" coverage="100%"/>
									</conditions>
								</line>
								<line number="54" hits="1" branch="false"/>
								<line number="56" hits="283" branch="false"/>
								<line number="57" hits="281" branch="false"/>
								<line number="58" hits="279" branch="false"/>
							</lines>
						</method>
						<method name="getName" signature="()Ljava/lang/String;" line-rate="1.0" branch-rate="1.0">
							<lines>
								<line number="80" hits="5" branch="false"/>
							</lines>
						</method>
						<method name="resolveConverters" signature="(Lcom/pholser/util/properties/PropertySource;)V" line-rate="1.0" branch-rate="1.0">
							<lines>
								<line number="84" hits="283" branch="true" condition-coverage="100% (2/2)">
									<conditions>
										<condition number="0" type="jump" coverage="100%"/>
									</conditions>
								</line>
								<line number="85" hits="19750" branch="false"/>
								<line number="86" hits="281" branch="false"/>
							</lines>
						</method>
						<method name="resolveDefaultValues" signature="(Lcom/pholser/util/properties/PropertySource;)V" line-rate="1.0" branch-rate="1.0">
							<lines>
								<line number="89" hits="281" branch="true" condition-coverage="100% (2/2)">
									<conditions>
										<condition number="0" type="jump" coverage="100%"/>
									</conditions>
								</line>
								<line number="90" hits="9236" branch="false"/>
								<line number="91" hits="279" branch="false"/>
							</lines>
						</method>
					</methods>
					<lines>
						<line number="45" hits="278" branch="false"/>
						<line number="47" hits="278" branch="false"/>
						<line number="48" hits="278" branch="false"/>
						<line number="49" hits="278" branch="false"/>
						<line number="50" hits="278" branch="false"/>
						<line number="53" hits="284" branch="true" condition-coverage="100% (2/2)">
							<conditions>
								<condition number="0" type="jump" coverage="100%"/>
							</conditions>
						</line>
						<line number="54" hits="1" branch="false"/>
						<line number="56" hits="283" branch="false"/>
						<line number="57" hits="281" branch="false"/>
						<line number="58" hits="279" branch="false"/>
						<line number="62" hits="279" branch="false"/>
						<line number="68" hits="1276" branch="false"/>
						<line number="69" hits="1276" branch="false"/>
						<line number="71" hits="1276" branch="false"/>
						<line number="72" hits="1276" branch="true" condition-coverage="100% (2/2)">
							<conditions>
								<condition number="0" type="jump" coverage="100%"/>
							</conditions>
						</line>
						<line number="73" hits="663" branch="false"/>
						<line number="74" hits="613" branch="true" condition-coverage="100% (2/2)">
							<conditions>
								<condition number="0" type="jump" coverage="100%"/>
							</conditions>
						</line>
						<line number="75" hits="581" branch="false"/>
						<line number="76" hits="32" branch="false"/>
						<line number="80" hits="5" branch="false"/>
						<line number="84" hits="283" branch="true" condition-coverage="100% (2/2)">
							<conditions>
								<condition number="0" type="jump" coverage="100%"/>
							</conditions>
						</line>
						<line number="85" hits="19750" branch="false"/>
						<line number="86" hits="281" branch="false"/>
						<line number="89" hits="281" branch="true" condition-coverage="100% (2/2)">
							<conditions>
								<condition number="0" type="jump" coverage="100%"/>
							</conditions>
						</line>
						<line number="90" hits="9236" branch="false"/>
						<line number="91" hits="279" branch="false"/>
					</lines>
				</class>
			</classes>
		</package>
		<package name="com.pholser.util.properties.internal.conversions" line-rate="1.0" branch-rate="1.0" complexity="2.7941176470588234">
			<classes>
				<class name="com.pholser.util.properties.internal.conversions.AbstractValueConverter" filename="com/pholser/util/properties/internal/conversions/AbstractValueConverter.java" line-rate="1.0" branch-rate="1.0" complexity="2.0">
					<methods>
						<method name="&lt;init&gt;" signature="()V" line-rate="1.0" branch-rate="1.0">
							<lines>
								<line number="28" hits="35134" branch="false"/>
							</lines>
						</method>
						<method name="convertRaw" signature="(Ljava/lang/Object;[Ljava/lang/Object;)Ljava/lang/Object;" line-rate="1.0" branch-rate="1.0">
							<lines>
								<line number="31" hits="653" branch="true" condition-coverage="100% (2/2)">
									<conditions>
										<condition number="0" type="jump" coverage="100%"/>
									</conditions>
								</line>
							</lines>
						</method>
					</methods>
					<lines>
						<line number="28" hits="35134" branch="false"/>
						<line number="31" hits="653" branch="true" condition-coverage="100% (2/2)">
							<conditions>
								<condition number="0" type="jump" coverage="100%"/>
							</conditions>
						</line>
					</lines>
				</class>
				<class name="com.pholser.util.properties.internal.conversions.AggregateValueConverter" filename="com/pholser/util/properties/internal/conversions/AggregateValueConverter.java" line-rate="1.0" branch-rate="1.0" complexity="1.0">
					<methods>
						<method name="&lt;init&gt;" signature="(Lcom/pholser/util/properties/internal/separators/ValueSeparator;)V" line-rate="1.0" branch-rate="1.0">
							<lines>
								<line number="34" hits="15819" branch="false"/>
								<line number="35" hits="15819" branch="false"/>
								<line number="36" hits="15819" branch="false"/>
							</lines>
						</method>
						<method name="resolve" signature="(Lcom/pholser/util/properties/PropertySource;)V" line-rate="1.0" branch-rate="1.0">
							<lines>
								<line number="44" hits="16129" branch="false"/>
								<line number="45" hits="16127" branch="false"/>
							</lines>
						</method>
						<method name="separate" signature="(Ljava/lang/String;)[Ljava/lang/String;" line-rate="1.0" branch-rate="1.0">
							<lines>
								<line number="39" hits="8122" branch="false"/>
							</lines>
						</method>
					</methods>
					<lines>
						<line number="34" hits="15819" branch="false"/>
						<line number="35" hits="15819" branch="false"/>
						<line number="36" hits="15819" branch="false"/>
						<line number="39" hits="8122" branch="false"/>
						<line number="44" hits="16129" branch="false"/>
						<line number="45" hits="16127" branch="false"/>
					</lines>
				</class>
				<class name="com.pholser.util.properties.internal.conversions.ArrayValueConverter" filename="com/pholser/util/properties/internal/conversions/ArrayValueConverter.java" line-rate="1.0" branch-rate="1.0" complexity="1.3333333333333333">
					<methods>
						<method name="&lt;init&gt;" signature="(Ljava/lang/Class;Lcom/pholser/util/properties/internal/separators/ValueSeparator;Lcom/pholser/util/properties/ParsedAs;Lcom/pholser/util/properties/DefaultsTo;)V" line-rate="1.0" branch-rate="1.0">
							<lines>
								<line number="41" hits="11983" branch="false"/>
								<line number="42" hits="11983" branch="false"/>
								<line number="43" hits="11983" branch="false"/>
								<line number="44" hits="11978" branch="false"/>
							</lines>
						</method>
						<method name="convert" signature="(Ljava/lang/String;[Ljava/lang/Object;)Ljava/lang/Object;" line-rate="1.0" branch-rate="1.0">
							<lines>
								<line number="48" hits="6256" branch="false"/>
								<line number="49" hits="6256" branch="false"/>
								<line number="50" hits="29838" branch="true" condition-coverage="100% (2/2)">
									<conditions>
										<condition number="0" type="jump" coverage="100%"/>
									</conditions>
								</line>
								<line number="51" hits="23582" branch="false"/>
								<line number="53" hits="6256" branch="false"/>
							</lines>
						</method>
						<method name="nilValue" signature="()Ljava/lang/Object;" line-rate="1.0" branch-rate="1.0">
							<lines>
								<line number="58" hits="2" branch="false"/>
							</lines>
						</method>
					</methods>
					<lines>
						<line number="41" hits="11983" branch="false"/>
						<line number="42" hits="11983" branch="false"/>
						<line number="43" hits="11983" branch="false"/>
						<line number="44" hits="11978" branch="false"/>
						<line number="48" hits="6256" branch="false"/>
						<line number="49" hits="6256" branch="false"/>
						<line number="50" hits="29838" branch="true" condition-coverage="100% (2/2)">
							<conditions>
								<condition number="0" type="jump" coverage="100%"/>
							</conditions>
						</line>
						<line number="51" hits="23582" branch="false"/>
						<line number="53" hits="6256" branch="false"/>
						<line number="58" hits="2" branch="false"/>
					</lines>
				</class>
				<class name="com.pholser.util.properties.internal.conversions.CharacterValueOfConverter" filename="com/pholser/util/properties/internal/conversions/CharacterValueOfConverter.java" line-rate="1.0" branch-rate="1.0" complexity="3.0">
					<methods>
						<method name="&lt;init&gt;" signature="()V" line-rate="1.0" branch-rate="1.0">
							<lines>
								<line number="30" hits="1694" branch="false"/>
							</lines>
						</method>
						<method name="convert" signature="(Ljava/lang/String;[Ljava/lang/Object;)Ljava/lang/Object;" line-rate="1.0" branch-rate="1.0">
							<lines>
								<line number="33" hits="2971" branch="true" condition-coverage="100% (2/2)">
									<conditions>
										<condition number="0" type="jump" coverage="100%"/>
									</conditions>
								</line>
								<line number="34" hits="1" branch="false"/>
								<line number="36" hits="2970" branch="false"/>
							</lines>
						</method>
					</methods>
					<lines>
						<line number="30" hits="1694" branch="false"/>
						<line number="33" hits="2971" branch="true" condition-coverage="100% (2/2)">
							<conditions>
								<condition number="0" type="jump" coverage="100%"/>
							</conditions>
						</line>
						<line number="34" hits="1" branch="false"/>
						<line number="36" hits="2970" branch="false"/>
					</lines>
				</class>
				<class name="com.pholser.util.properties.internal.conversions.ConstructorInvokingValueConverter" filename="com/pholser/util/properties/internal/conversions/ConstructorInvokingValueConverter.java" line-rate="1.0" branch-rate="1.0" complexity="5.5">
					<methods>
						<method name="&lt;init&gt;" signature="(Ljava/lang/reflect/Constructor;)V" line-rate="1.0" branch-rate="1.0">
							<lines>
								<line number="36" hits="4342" branch="false"/>
								<line number="37" hits="4342" branch="false"/>
								<line number="38" hits="4342" branch="false"/>
							</lines>
						</method>
						<method name="convert" signature="(Ljava/lang/String;[Ljava/lang/Object;)Ljava/lang/Object;" line-rate="1.0" branch-rate="1.0">
							<lines>
								<line number="43" hits="4596" branch="false"/>
								<line number="44" hits="1" branch="false"/>
								<line number="45" hits="1" branch="false"/>
								<line number="46" hits="1" branch="false"/>
								<line number="47" hits="1" branch="false"/>
								<line number="48" hits="2" branch="false"/>
								<line number="49" hits="2" branch="false"/>
								<line number="50" hits="2" branch="false"/>
								<line number="51" hits="2" branch="false"/>
							</lines>
						</method>
					</methods>
					<lines>
						<line number="36" hits="4342" branch="false"/>
						<line number="37" hits="4342" branch="false"/>
						<line number="38" hits="4342" branch="false"/>
						<line number="43" hits="4596" branch="false"/>
						<line number="44" hits="1" branch="false"/>
						<line number="45" hits="1" branch="false"/>
						<line number="46" hits="1" branch="false"/>
						<line number="47" hits="1" branch="false"/>
						<line number="48" hits="2" branch="false"/>
						<line number="49" hits="2" branch="false"/>
						<line number="50" hits="2" branch="false"/>
						<line number="51" hits="2" branch="false"/>
					</lines>
				</class>
				<class name="com.pholser.util.properties.internal.conversions.ListValueConverter" filename="com/pholser/util/properties/internal/conversions/ListValueConverter.java" line-rate="1.0" branch-rate="1.0" complexity="3.5">
					<methods>
						<method name="&lt;init&gt;" signature="(Ljava/lang/reflect/Type;Lcom/pholser/util/properties/internal/separators/ValueSeparator;Lcom/pholser/util/properties/ParsedAs;Lcom/pholser/util/properties/DefaultsTo;)V" line-rate="1.0" branch-rate="1.0">
							<lines>
								<line number="45" hits="3836" branch="false"/>
								<line number="46" hits="3836" branch="false"/>
								<line number="47" hits="3833" branch="false"/>
							</lines>
						</method>
						<method name="convert" signature="(Ljava/lang/String;[Ljava/lang/Object;)Ljava/lang/Object;" line-rate="1.0" branch-rate="1.0">
							<lines>
								<line number="41" hits="1866" branch="false"/>
							</lines>
						</method>
						<method name="convert" signature="(Ljava/lang/String;[Ljava/lang/Object;)Ljava/util/List;" line-rate="1.0" branch-rate="1.0">
							<lines>
								<line number="51" hits="1866" branch="false"/>
								<line number="52" hits="1866" branch="false"/>
								<line number="53" hits="8198" branch="true" condition-coverage="100% (2/2)">
									<conditions>
										<condition number="0" type="jump" coverage="100%"/>
									</conditions>
								</line>
								<line number="54" hits="6332" branch="false"/>
								<line number="56" hits="1866" branch="false"/>
							</lines>
						</method>
						<method name="deduceElementType" signature="(Ljava/lang/reflect/Type;)Ljava/lang/Class;" line-rate="1.0" branch-rate="1.0">
							<lines>
								<line number="60" hits="3836" branch="true" condition-coverage="100% (2/2)">
									<conditions>
										<condition number="0" type="jump" coverage="100%"/>
									</conditions>
								</line>
								<line number="61" hits="244" branch="false"/>
								<line number="63" hits="3592" branch="false"/>
								<line number="64" hits="3592" branch="false"/>
								<line number="65" hits="3592" branch="true" condition-coverage="100% (2/2)">
									<conditions>
										<condition number="0" type="jump" coverage="100%"/>
									</conditions>
								</line>
								<line number="66" hits="3345" branch="false"/>
								<line number="68" hits="247" branch="true" condition-coverage="100% (2/2)">
									<conditions>
										<condition number="0" type="jump" coverage="100%"/>
									</conditions>
								</line>
								<line number="69" hits="246" branch="false"/>
								<line number="70" hits="246" branch="true" condition-coverage="100% (4/4)">
									<conditions>
										<condition number="0" type="jump" coverage="100%"/>
										<condition number="1" type="jump" coverage="100%"/>
									</conditions>
								</line>
								<line number="71" hits="244" branch="false"/>
								<line number="74" hits="3" branch="false"/>
							</lines>
						</method>
						<method name="nilValue" signature="()Ljava/lang/Object;" line-rate="1.0" branch-rate="1.0">
							<lines>
								<line number="79" hits="1" branch="false"/>
							</lines>
						</method>
					</methods>
					<lines>
						<line number="41" hits="1866" branch="false"/>
						<line number="45" hits="3836" branch="false"/>
						<line number="46" hits="3836" branch="false"/>
						<line number="47" hits="3833" branch="false"/>
						<line number="51" hits="1866" branch="false"/>
						<line number="52" hits="1866" branch="false"/>
						<line number="53" hits="8198" branch="true" condition-coverage="100% (2/2)">
							<conditions>
								<condition number="0" type="jump" coverage="100%"/>
							</conditions>
						</line>
						<line number="54" hits="6332" branch="false"/>
						<line number="56" hits="1866" branch="false"/>
						<line number="60" hits="3836" branch="true" condition-coverage="100% (2/2)">
							<conditions>
								<condition number="0" type="jump" coverage="100%"/>
							</conditions>
						</line>
						<line number="61" hits="244" branch="false"/>
						<line number="63" hits="3592" branch="false"/>
						<line number="64" hits="3592" branch="false"/>
						<line number="65" hits="3592" branch="true" condition-coverage="100% (2/2)">
							<conditions>
								<condition number="0" type="jump" coverage="100%"/>
							</conditions>
						</line>
						<line number="66" hits="3345" branch="false"/>
						<line number="68" hits="247" branch="true" condition-coverage="100% (2/2)">
							<conditions>
								<condition number="0" type="jump" coverage="100%"/>
							</conditions>
						</line>
						<line number="69" hits="246" branch="false"/>
						<line number="70" hits="246" branch="true" condition-coverage="100% (4/4)">
							<conditions>
								<condition number="0" type="jump" coverage="100%"/>
								<condition number="1" type="jump" coverage="100%"/>
							</conditions>
						</line>
						<line number="71" hits="244" branch="false"/>
						<line number="74" hits="3" branch="false"/>
						<line number="79" hits="1" branch="false"/>
					</lines>
				</class>
				<class name="com.pholser.util.properties.internal.conversions.MethodInvokingValueConverter" filename="com/pholser/util/properties/internal/conversions/MethodInvokingValueConverter.java" line-rate="1.0" branch-rate="1.0" complexity="2.5">
					<methods>
						<method name="&lt;init&gt;" signature="(Ljava/lang/reflect/Method;Ljava/lang/Class;)V" line-rate="1.0" branch-rate="1.0">
							<lines>
								<line number="38" hits="12483" branch="false"/>
								<line number="39" hits="12483" branch="false"/>
								<line number="40" hits="12483" branch="false"/>
								<line number="41" hits="12483" branch="false"/>
							</lines>
						</method>
						<method name="convert" signature="(Ljava/lang/String;[Ljava/lang/Object;)Ljava/lang/Object;" line-rate="1.0" branch-rate="1.0">
							<lines>
								<line number="46" hits="23200" branch="false"/>
								<line number="47" hits="1" branch="false"/>
								<line number="48" hits="1" branch="false"/>
							</lines>
						</method>
					</methods>
					<lines>
						<line number="38" hits="12483" branch="false"/>
						<line number="39" hits="12483" branch="false"/>
						<line number="40" hits="12483" branch="false"/>
						<line number="41" hits="12483" branch="false"/>
						<line number="46" hits="23200" branch="false"/>
						<line number="47" hits="1" branch="false"/>
						<line number="48" hits="1" branch="false"/>
					</lines>
				</class>
				<class name="com.pholser.util.properties.internal.conversions.RawValueConverter" filename="com/pholser/util/properties/internal/conversions/RawValueConverter.java" line-rate="1.0" branch-rate="1.0" complexity="1.5">
					<methods>
						<method name="&lt;init&gt;" signature="()V" line-rate="1.0" branch-rate="1.0">
							<lines>
								<line number="28" hits="14" branch="false"/>
							</lines>
						</method>
						<method name="convert" signature="(Ljava/lang/String;[Ljava/lang/Object;)Ljava/lang/Object;" line-rate="1.0" branch-rate="1.0">
							<lines>
								<line number="36" hits="1" branch="false"/>
							</lines>
						</method>
						<method name="convertRaw" signature="(Ljava/lang/Object;[Ljava/lang/Object;)Ljava/lang/Object;" line-rate="1.0" branch-rate="1.0">
							<lines>
								<line number="31" hits="10" branch="false"/>
							</lines>
						</method>
					</methods>
					<lines>
						<line number="28" hits="14" branch="false"/>
						<line number="31" hits="10" branch="false"/>
						<line number="36" hits="1" branch="false"/>
					</lines>
				</class>
				<class name="com.pholser.util.properties.internal.conversions.ScalarValueConverter" filename="com/pholser/util/properties/internal/conversions/ScalarValueConverter.java" line-rate="1.0" branch-rate="1.0" complexity="1.0">
					<methods>
						<method name="&lt;init&gt;" signature="()V" line-rate="1.0" branch-rate="1.0">
							<lines>
								<line number="30" hits="19315" branch="false"/>
							</lines>
						</method>
						<method name="nilValue" signature="()Ljava/lang/Object;" line-rate="1.0" branch-rate="1.0">
							<lines>
								<line number="33" hits="29" branch="false"/>
							</lines>
						</method>
						<method name="resolve" signature="(Lcom/pholser/util/properties/PropertySource;)V" line-rate="1.0" branch-rate="1.0">
							<lines>
								<line number="39" hits="3621" branch="false"/>
							</lines>
						</method>
					</methods>
					<lines>
						<line number="30" hits="19315" branch="false"/>
						<line number="33" hits="29" branch="false"/>
						<line number="39" hits="3621" branch="false"/>
					</lines>
				</class>
				<class name="com.pholser.util.properties.internal.conversions.SimpleDateFormatParseValueConverter" filename="com/pholser/util/properties/internal/conversions/SimpleDateFormatParseValueConverter.java" line-rate="1.0" branch-rate="1.0" complexity="3.0">
					<methods>
						<method name="&lt;init&gt;" signature="(Lcom/pholser/util/properties/ParsedAs;)V" line-rate="1.0" branch-rate="1.0">
							<lines>
								<line number="40" hits="782" branch="false"/>
								<line number="41" hits="782" branch="false"/>
								<line number="42" hits="782" branch="false"/>
							</lines>
						</method>
						<method name="convert" signature="(Ljava/lang/String;[Ljava/lang/Object;)Ljava/lang/Object;" line-rate="1.0" branch-rate="1.0">
							<lines>
								<line number="46" hits="673" branch="true" condition-coverage="100% (2/2)">
									<conditions>
										<condition number="0" type="jump" coverage="100%"/>
									</conditions>
								</line>
								<line number="48" hits="672" branch="false"/>
								<line number="49" hits="672" branch="false"/>
								<line number="50" hits="672" branch="false"/>
								<line number="51" hits="3" branch="false"/>
								<line number="56" hits="1" branch="false"/>
							</lines>
						</method>
					</methods>
					<lines>
						<line number="40" hits="782" branch="false"/>
						<line number="41" hits="782" branch="false"/>
						<line number="42" hits="782" branch="false"/>
						<line number="46" hits="673" branch="true" condition-coverage="100% (2/2)">
							<conditions>
								<condition number="0" type="jump" coverage="100%"/>
							</conditions>
						</line>
						<line number="48" hits="672" branch="false"/>
						<line number="49" hits="672" branch="false"/>
						<line number="50" hits="672" branch="false"/>
						<line number="51" hits="3" branch="false"/>
						<line number="56" hits="1" branch="false"/>
					</lines>
				</class>
				<class name="com.pholser.util.properties.internal.conversions.ValueConverter" filename="com/pholser/util/properties/internal/conversions/ValueConverter.java" line-rate="1.0" branch-rate="1.0" complexity="1.0">
					<methods>
					</methods>
					<lines>
					</lines>
				</class>
				<class name="com.pholser.util.properties.internal.conversions.ValueConverterFactory" filename="com/pholser/util/properties/internal/conversions/ValueConverterFactory.java" line-rate="1.0" branch-rate="1.0" complexity="4.75">
					<methods>
						<method name="&lt;clinit&gt;" signature="()V" line-rate="1.0" branch-rate="1.0">
							<lines>
								<line number="48" hits="1" branch="false"/>
								<line number="49" hits="1" branch="false"/>
								<line number="50" hits="1" branch="false"/>
								<line number="51" hits="1" branch="false"/>
								<line number="52" hits="1" branch="false"/>
								<line number="53" hits="1" branch="false"/>
								<line number="54" hits="1" branch="false"/>
								<line number="55" hits="1" branch="false"/>
								<line number="56" hits="1" branch="false"/>
								<line number="57" hits="1" branch="false"/>
								<line number="58" hits="1" branch="false"/>
								<line number="59" hits="1" branch="false"/>
							</lines>
						</method>
						<method name="&lt;init&gt;" signature="()V" line-rate="1.0" branch-rate="1.0">
							<lines>
								<line number="43" hits="301" branch="false"/>
							</lines>
						</method>
						<method name="constructorConverter" signature="(Ljava/lang/Class;)Lcom/pholser/util/properties/internal/conversions/ValueConverter;" line-rate="1.0" branch-rate="1.0">
							<lines>
								<line number="121" hits="4359" branch="false"/>
								<line number="122" hits="21" branch="false"/>
								<line number="123" hits="21" branch="false"/>
							</lines>
						</method>
						<method name="createConverter" signature="(Ljava/lang/reflect/Method;Lcom/pholser/util/properties/internal/separators/ValueSeparator;)Lcom/pholser/util/properties/internal/conversions/ValueConverter;" line-rate="1.0" branch-rate="1.0">
							<lines>
								<line number="62" hits="19318" branch="false"/>
								<line number="63" hits="19318" branch="false"/>
								<line number="64" hits="19318" branch="false"/>
								<line number="66" hits="19318" branch="true" condition-coverage="100% (2/2)">
									<conditions>
										<condition number="0" type="jump" coverage="100%"/>
									</conditions>
								</line>
								<line number="67" hits="11983" branch="false"/>
								<line number="69" hits="7335" branch="true" condition-coverage="100% (2/2)">
									<conditions>
										<condition number="0" type="jump" coverage="100%"/>
									</conditions>
								</line>
								<line number="70" hits="3836" branch="false"/>
								<line number="72" hits="3499" branch="false"/>
							</lines>
						</method>
						<method name="createScalarConverter" signature="(Ljava/lang/Class;Lcom/pholser/util/properties/ParsedAs;Lcom/pholser/util/properties/DefaultsTo;Lcom/pholser/util/properties/internal/separators/ValueSeparator;)Lcom/pholser/util/properties/internal/conversions/ValueConverter;" line-rate="1.0" branch-rate="1.0">
							<lines>
								<line number="78" hits="19315" branch="false"/>
								<line number="79" hits="19315" branch="false"/>
								<line number="80" hits="19314" branch="true" condition-coverage="100% (2/2)">
									<conditions>
										<condition number="0" type="jump" coverage="100%"/>
									</conditions>
								</line>
								<line number="81" hits="782" branch="false"/>
								<line number="83" hits="18532" branch="false"/>
								<line number="84" hits="18532" branch="true" condition-coverage="100% (2/2)">
									<conditions>
										<condition number="0" type="jump" coverage="100%"/>
									</conditions>
								</line>
								<line number="85" hits="14173" branch="false"/>
								<line number="87" hits="4359" branch="false"/>
								<line number="88" hits="4359" branch="true" condition-coverage="100% (2/2)">
									<conditions>
										<condition number="0" type="jump" coverage="100%"/>
									</conditions>
								</line>
								<line number="89" hits="4338" branch="false"/>
								<line number="91" hits="21" branch="true" condition-coverage="100% (6/6)">
									<conditions>
										<condition number="0" type="jump" coverage="100%"/>
										<condition number="1" type="jump" coverage="100%"/>
										<condition number="2" type="jump" coverage="100%"/>
									</conditions>
								</line>
								<line number="92" hits="8" branch="false"/>
								<line number="94" hits="13" branch="false"/>
							</lines>
						</method>
						<method name="isPotentialConverter" signature="(Ljava/lang/reflect/Method;Ljava/lang/Class;)Z" line-rate="1.0" branch-rate="1.0">
							<lines>
								<line number="128" hits="12488" branch="false"/>
								<line number="129" hits="12488" branch="true" condition-coverage="100% (6/6)">
									<conditions>
										<condition number="0" type="jump" coverage="100%"/>
										<condition number="1" type="jump" coverage="100%"/>
										<condition number="2" type="jump" coverage="100%"/>
									</conditions>
								</line>
							</lines>
						</method>
						<method name="parsePatternsConverter" signature="(Ljava/lang/Class;Lcom/pholser/util/properties/ParsedAs;)Lcom/pholser/util/properties/internal/conversions/ValueConverter;" line-rate="1.0" branch-rate="1.0">
							<lines>
								<line number="98" hits="19315" branch="true" condition-coverage="100% (2/2)">
									<conditions>
										<condition number="0" type="jump" coverage="100%"/>
									</conditions>
								</line>
								<line number="99" hits="18532" branch="false"/>
								<line number="100" hits="783" branch="true" condition-coverage="100% (2/2)">
									<conditions>
										<condition number="0" type="jump" coverage="100%"/>
									</conditions>
								</line>
								<line number="101" hits="782" branch="false"/>
								<line number="102" hits="1" branch="false"/>
							</lines>
						</method>
						<method name="targetTypeFor" signature="(Ljava/lang/reflect/Method;)Ljava/lang/Class;" line-rate="1.0" branch-rate="1.0">
							<lines>
								<line number="133" hits="19318" branch="false"/>
								<line number="134" hits="19318" branch="true" condition-coverage="100% (2/2)">
									<conditions>
										<condition number="0" type="jump" coverage="100%"/>
									</conditions>
								</line>
							</lines>
						</method>
						<method name="valueOfConverter" signature="(Ljava/lang/Class;)Lcom/pholser/util/properties/internal/conversions/ValueConverter;" line-rate="1.0" branch-rate="1.0">
							<lines>
								<line number="106" hits="18532" branch="true" condition-coverage="100% (2/2)">
									<conditions>
										<condition number="0" type="jump" coverage="100%"/>
									</conditions>
								</line>
								<line number="107" hits="1694" branch="false"/>
								<line number="110" hits="16838" branch="false"/>
								<line number="111" hits="12488" branch="true" condition-coverage="100% (2/2)">
									<conditions>
										<condition number="0" type="jump" coverage="100%"/>
									</conditions>
								</line>
								<line number="114" hits="4350" branch="false"/>
								<line number="115" hits="4350" branch="false"/>
							</lines>
						</method>
						<method name="wrapperIfPrimitive" signature="(Ljava/lang/Class;)Ljava/lang/Class;" line-rate="1.0" branch-rate="1.0">
							<lines>
								<line number="138" hits="20357" branch="true" condition-coverage="100% (2/2)">
									<conditions>
										<condition number="0" type="jump" coverage="100%"/>
									</conditions>
								</line>
							</lines>
						</method>
					</methods>
					<lines>
						<line number="43" hits="301" branch="false"/>
						<line number="48" hits="1" branch="false"/>
						<line number="49" hits="1" branch="false"/>
						<line number="50" hits="1" branch="false"/>
						<line number="51" hits="1" branch="false"/>
						<line number="52" hits="1" branch="false"/>
						<line number="53" hits="1" branch="false"/>
						<line number="54" hits="1" branch="false"/>
						<line number="55" hits="1" branch="false"/>
						<line number="56" hits="1" branch="false"/>
						<line number="57" hits="1" branch="false"/>
						<line number="58" hits="1" branch="false"/>
						<line number="59" hits="1" branch="false"/>
						<line number="62" hits="19318" branch="false"/>
						<line number="63" hits="19318" branch="false"/>
						<line number="64" hits="19318" branch="false"/>
						<line number="66" hits="19318" branch="true" condition-coverage="100% (2/2)">
							<conditions>
								<condition number="0" type="jump" coverage="100%"/>
							</conditions>
						</line>
						<line number="67" hits="11983" branch="false"/>
						<line number="69" hits="7335" branch="true" condition-coverage="100% (2/2)">
							<conditions>
								<condition number="0" type="jump" coverage="100%"/>
							</conditions>
						</line>
						<line number="70" hits="3836" branch="false"/>
						<line number="72" hits="3499" branch="false"/>
						<line number="78" hits="19315" branch="false"/>
						<line number="79" hits="19315" branch="false"/>
						<line number="80" hits="19314" branch="true" condition-coverage="100% (2/2)">
							<conditions>
								<condition number="0" type="jump" coverage="100%"/>
							</conditions>
						</line>
						<line number="81" hits="782" branch="false"/>
						<line number="83" hits="18532" branch="false"/>
						<line number="84" hits="18532" branch="true" condition-coverage="100% (2/2)">
							<conditions>
								<condition number="0" type="jump" coverage="100%"/>
							</conditions>
						</line>
						<line number="85" hits="14173" branch="false"/>
						<line number="87" hits="4359" branch="false"/>
						<line number="88" hits="4359" branch="true" condition-coverage="100% (2/2)">
							<conditions>
								<condition number="0" type="jump" coverage="100%"/>
							</conditions>
						</line>
						<line number="89" hits="4338" branch="false"/>
						<line number="91" hits="21" branch="true" condition-coverage="100% (6/6)">
							<conditions>
								<condition number="0" type="jump" coverage="100%"/>
								<condition number="1" type="jump" coverage="100%"/>
								<condition number="2" type="jump" coverage="100%"/>
							</conditions>
						</line>
						<line number="92" hits="8" branch="false"/>
						<line number="94" hits="13" branch="false"/>
						<line number="98" hits="19315" branch="true" condition-coverage="100% (2/2)">
							<conditions>
								<condition number="0" type="jump" coverage="100%"/>
							</conditions>
						</line>
						<line number="99" hits="18532" branch="false"/>
						<line number="100" hits="783" branch="true" condition-coverage="100% (2/2)">
							<conditions>
								<condition number="0" type="jump" coverage="100%"/>
							</conditions>
						</line>
						<line number="101" hits="782" branch="false"/>
						<line number="102" hits="1" branch="false"/>
						<line number="106" hits="18532" branch="true" condition-coverage="100% (2/2)">
							<conditions>
								<condition number="0" type="jump" coverage="100%"/>
							</conditions>
						</line>
						<line number="107" hits="1694" branch="false"/>
						<line number="110" hits="16838" branch="false"/>
						<line number="111" hits="12488" branch="true" condition-coverage="100% (2/2)">
							<conditions>
								<condition number="0" type="jump" coverage="100%"/>
							</conditions>
						</line>
						<line number="114" hits="4350" branch="false"/>
						<line number="115" hits="4350" branch="false"/>
						<line number="121" hits="4359" branch="false"/>
						<line number="122" hits="21" branch="false"/>
						<line number="123" hits="21" branch="false"/>
						<line number="128" hits="12488" branch="false"/>
						<line number="129" hits="12488" branch="true" condition-coverage="100% (6/6)">
							<conditions>
								<condition number="0" type="jump" coverage="100%"/>
								<condition number="1" type="jump" coverage="100%"/>
								<condition number="2" type="jump" coverage="100%"/>
							</conditions>
						</line>
						<line number="133" hits="19318" branch="false"/>
						<line number="134" hits="19318" branch="true" condition-coverage="100% (2/2)">
							<conditions>
								<condition number="0" type="jump" coverage="100%"/>
							</conditions>
						</line>
						<line number="138" hits="20357" branch="true" condition-coverage="100% (2/2)">
							<conditions>
								<condition number="0" type="jump" coverage="100%"/>
							</conditions>
						</line>
					</lines>
				</class>
			</classes>
		</package>
		<package name="com.pholser.util.properties.internal.defaultvalues" line-rate="1.0" branch-rate="1.0" complexity="1.4">
			<classes>
				<class name="com.pholser.util.properties.internal.defaultvalues.ConvertedDefaultValue" filename="com/pholser/util/properties/internal/defaultvalues/ConvertedDefaultValue.java" line-rate="1.0" branch-rate="1.0" complexity="1.5">
					<methods>
						<method name="&lt;init&gt;" signature="(Ljava/lang/String;Lcom/pholser/util/properties/internal/conversions/ValueConverter;Ljava/lang/reflect/Method;)V" line-rate="1.0" branch-rate="1.0">
							<lines>
								<line number="38" hits="8992" branch="false"/>
								<line number="40" hits="8992" branch="false"/>
								<line number="41" hits="2" branch="false"/>
								<line number="42" hits="2" branch="false"/>
								<line number="43" hits="8990" branch="false"/>
								<line number="44" hits="8990" branch="false"/>
							</lines>
						</method>
						<method name="evaluate" signature="()Ljava/lang/Object;" line-rate="1.0" branch-rate="1.0">
							<lines>
								<line number="52" hits="581" branch="false"/>
							</lines>
						</method>
						<method name="fromValue" signature="(Ljava/lang/String;Lcom/pholser/util/properties/internal/conversions/ValueConverter;Ljava/lang/reflect/Method;)Lcom/pholser/util/properties/internal/defaultvalues/ConvertedDefaultValue;" line-rate="1.0" branch-rate="1.0">
							<lines>
								<line number="47" hits="8992" branch="false"/>
							</lines>
						</method>
						<method name="resolve" signature="(Lcom/pholser/util/properties/PropertySource;)V" line-rate="1.0" branch-rate="1.0">
							<lines>
								<line number="58" hits="9173" branch="false"/>
							</lines>
						</method>
					</methods>
					<lines>
						<line number="38" hits="8992" branch="false"/>
						<line number="40" hits="8992" branch="false"/>
						<line number="41" hits="2" branch="false"/>
						<line number="42" hits="2" branch="false"/>
						<line number="43" hits="8990" branch="false"/>
						<line number="44" hits="8990" branch="false"/>
						<line number="47" hits="8992" branch="false"/>
						<line number="52" hits="581" branch="false"/>
						<line number="58" hits="9173" branch="false"/>
					</lines>
				</class>
				<class name="com.pholser.util.properties.internal.defaultvalues.DefaultValue" filename="com/pholser/util/properties/internal/defaultvalues/DefaultValue.java" line-rate="1.0" branch-rate="1.0" complexity="1.0">
					<methods>
					</methods>
					<lines>
					</lines>
				</class>
				<class name="com.pholser.util.properties.internal.defaultvalues.DefaultValueFactory" filename="com/pholser/util/properties/internal/defaultvalues/DefaultValueFactory.java" line-rate="1.0" branch-rate="1.0" complexity="3.0">
					<methods>
						<method name="&lt;init&gt;" signature="()V" line-rate="1.0" branch-rate="1.0">
							<lines>
								<line number="35" hits="301" branch="false"/>
							</lines>
						</method>
						<method name="createDefaultValue" signature="(Lcom/pholser/util/properties/DefaultsTo;Lcom/pholser/util/properties/internal/conversions/ValueConverter;Ljava/lang/reflect/Method;)Lcom/pholser/util/properties/internal/defaultvalues/DefaultValue;" line-rate="1.0" branch-rate="1.0">
							<lines>
								<line number="37" hits="8990" branch="true" condition-coverage="100% (2/2)">
									<conditions>
										<condition number="0" type="jump" coverage="100%"/>
									</conditions>
								</line>
								<line number="38" hits="59" branch="false"/>
								<line number="40" hits="8931" branch="false"/>
							</lines>
						</method>
					</methods>
					<lines>
						<line number="35" hits="301" branch="false"/>
						<line number="37" hits="8990" branch="true" condition-coverage="100% (2/2)">
							<conditions>
								<condition number="0" type="jump" coverage="100%"/>
							</conditions>
						</line>
						<line number="38" hits="59" branch="false"/>
						<line number="40" hits="8931" branch="false"/>
					</lines>
				</class>
				<class name="com.pholser.util.properties.internal.defaultvalues.SubstitutableDefaultValue" filename="com/pholser/util/properties/internal/defaultvalues/SubstitutableDefaultValue.java" line-rate="1.0" branch-rate="1.0" complexity="1.0">
					<methods>
						<method name="&lt;init&gt;" signature="(Lcom/pholser/util/properties/DefaultsTo;Lcom/pholser/util/properties/internal/conversions/ValueConverter;Ljava/lang/reflect/Method;)V" line-rate="1.0" branch-rate="1.0">
							<lines>
								<line number="42" hits="59" branch="false"/>
								<line number="43" hits="59" branch="false"/>
								<line number="44" hits="59" branch="false"/>
								<line number="45" hits="59" branch="false"/>
								<line number="46" hits="59" branch="false"/>
							</lines>
						</method>
						<method name="evaluate" signature="()Ljava/lang/Object;" line-rate="1.0" branch-rate="1.0">
							<lines>
								<line number="50" hits="8" branch="false"/>
							</lines>
						</method>
						<method name="resolve" signature="(Lcom/pholser/util/properties/PropertySource;)V" line-rate="1.0" branch-rate="1.0">
							<lines>
								<line number="55" hits="63" branch="false"/>
								<line number="56" hits="61" branch="false"/>
								<line number="57" hits="61" branch="false"/>
							</lines>
						</method>
					</methods>
					<lines>
						<line number="42" hits="59" branch="false"/>
						<line number="43" hits="59" branch="false"/>
						<line number="44" hits="59" branch="false"/>
						<line number="45" hits="59" branch="false"/>
						<line number="46" hits="59" branch="false"/>
						<line number="50" hits="8" branch="false"/>
						<line number="55" hits="63" branch="false"/>
						<line number="56" hits="61" branch="false"/>
						<line number="57" hits="61" branch="false"/>
					</lines>
				</class>
			</classes>
		</package>
		<package name="com.pholser.util.properties.internal.exceptions" line-rate="1.0" branch-rate="1.0" complexity="1.0">
			<classes>
				<class name="com.pholser.util.properties.internal.exceptions.AppliedSeparatorToNonAggregateTypeException" filename="com/pholser/util/properties/internal/exceptions/AppliedSeparatorToNonAggregateTypeException.java" line-rate="1.0" branch-rate="1.0" complexity="1.0">
					<methods>
						<method name="&lt;init&gt;" signature="(Ljava/lang/reflect/Method;)V" line-rate="1.0" branch-rate="1.0">
							<lines>
								<line number="36" hits="1" branch="false"/>
								<line number="40" hits="1" branch="false"/>
							</lines>
						</method>
					</methods>
					<lines>
						<line number="36" hits="1" branch="false"/>
						<line number="40" hits="1" branch="false"/>
					</lines>
				</class>
				<class name="com.pholser.util.properties.internal.exceptions.BoundTypeNotAnInterfaceException" filename="com/pholser/util/properties/internal/exceptions/BoundTypeNotAnInterfaceException.java" line-rate="1.0" branch-rate="1.0" complexity="1.0">
					<methods>
						<method name="&lt;init&gt;" signature="(Ljava/lang/Class;)V" line-rate="1.0" branch-rate="1.0">
							<lines>
								<line number="32" hits="1" branch="false"/>
								<line number="33" hits="1" branch="false"/>
							</lines>
						</method>
					</methods>
					<lines>
						<line number="32" hits="1" branch="false"/>
						<line number="33" hits="1" branch="false"/>
					</lines>
				</class>
				<class name="com.pholser.util.properties.internal.exceptions.InterfaceHasSuperinterfacesException" filename="com/pholser/util/properties/internal/exceptions/InterfaceHasSuperinterfacesException.java" line-rate="1.0" branch-rate="1.0" complexity="1.0">
					<methods>
						<method name="&lt;init&gt;" signature="(Ljava/lang/Class;)V" line-rate="1.0" branch-rate="1.0">
							<lines>
								<line number="32" hits="2" branch="false"/>
								<line number="33" hits="2" branch="false"/>
							</lines>
						</method>
					</methods>
					<lines>
						<line number="32" hits="2" branch="false"/>
						<line number="33" hits="2" branch="false"/>
					</lines>
				</class>
				<class name="com.pholser.util.properties.internal.exceptions.MalformedDefaultValueException" filename="com/pholser/util/properties/internal/exceptions/MalformedDefaultValueException.java" line-rate="1.0" branch-rate="1.0" complexity="1.0">
					<methods>
						<method name="&lt;init&gt;" signature="(Ljava/lang/String;Ljava/lang/reflect/Method;Ljava/lang/Throwable;)V" line-rate="1.0" branch-rate="1.0">
							<lines>
								<line number="36" hits="2" branch="false"/>
								<line number="39" hits="2" branch="false"/>
							</lines>
						</method>
					</methods>
					<lines>
						<line number="36" hits="2" branch="false"/>
						<line number="39" hits="2" branch="false"/>
					</lines>
				</class>
				<class name="com.pholser.util.properties.internal.exceptions.MalformedSeparatorException" filename="com/pholser/util/properties/internal/exceptions/MalformedSeparatorException.java" line-rate="1.0" branch-rate="1.0" complexity="1.0">
					<methods>
						<method name="&lt;init&gt;" signature="(Ljava/lang/String;Ljava/lang/reflect/Method;Ljava/lang/Throwable;)V" line-rate="1.0" branch-rate="1.0">
							<lines>
								<line number="36" hits="1" branch="false"/>
								<line number="39" hits="1" branch="false"/>
							</lines>
						</method>
					</methods>
					<lines>
						<line number="36" hits="1" branch="false"/>
						<line number="39" hits="1" branch="false"/>
					</lines>
				</class>
				<class name="com.pholser.util.properties.internal.exceptions.MultipleDefaultValueSpecificationException" filename="com/pholser/util/properties/internal/exceptions/MultipleDefaultValueSpecificationException.java" line-rate="1.0" branch-rate="1.0" complexity="1.0">
					<methods>
						<method name="&lt;init&gt;" signature="(Lcom/pholser/util/properties/DefaultsTo;Ljava/lang/reflect/Method;)V" line-rate="1.0" branch-rate="1.0">
							<lines>
								<line number="36" hits="1" branch="false"/>
								<line number="39" hits="1" branch="false"/>
							</lines>
						</method>
					</methods>
					<lines>
						<line number="36" hits="1" branch="false"/>
						<line number="39" hits="1" branch="false"/>
					</lines>
				</class>
				<class name="com.pholser.util.properties.internal.exceptions.MultipleSeparatorSpecificationException" filename="com/pholser/util/properties/internal/exceptions/MultipleSeparatorSpecificationException.java" line-rate="1.0" branch-rate="1.0" complexity="1.0">
					<methods>
						<method name="&lt;init&gt;" signature="(Lcom/pholser/util/properties/ValuesSeparatedBy;Ljava/lang/reflect/Method;)V" line-rate="1.0" branch-rate="1.0">
							<lines>
								<line number="36" hits="1" branch="false"/>
								<line number="39" hits="1" branch="false"/>
							</lines>
						</method>
					</methods>
					<lines>
						<line number="36" hits="1" branch="false"/>
						<line number="39" hits="1" branch="false"/>
					</lines>
				</class>
				<class name="com.pholser.util.properties.internal.exceptions.NoDefaultValueSpecificationException" filename="com/pholser/util/properties/internal/exceptions/NoDefaultValueSpecificationException.java" line-rate="1.0" branch-rate="1.0" complexity="1.0">
					<methods>
						<method name="&lt;init&gt;" signature="(Ljava/lang/reflect/Method;)V" line-rate="1.0" branch-rate="1.0">
							<lines>
								<line number="36" hits="1" branch="false"/>
								<line number="38" hits="1" branch="false"/>
							</lines>
						</method>
					</methods>
					<lines>
						<line number="36" hits="1" branch="false"/>
						<line number="38" hits="1" branch="false"/>
					</lines>
				</class>
				<class name="com.pholser.util.properties.internal.exceptions.UnsupportedParsedAsTypeException" filename="com/pholser/util/properties/internal/exceptions/UnsupportedParsedAsTypeException.java" line-rate="1.0" branch-rate="1.0" complexity="1.0">
					<methods>
[...]
					<methods>
						<method name="&lt;init&gt;" signature="(Ljava/lang/reflect/Type;)V" line-rate="1.0" branch-rate="1.0">
							<lines>
								<line number="34" hits="11" branch="false"/>
								<line number="35" hits="11" branch="false"/>
							</lines>
						</method>
					</methods>
					<lines>
						<line number="34" hits="11" branch="false"/>
						<line number="35" hits="11" branch="false"/>
					</lines>
				</class>
				<class name="com.pholser.util.properties.internal.exceptions.ValueConversionException" filename="com/pholser/util/properties/internal/exceptions/ValueConversionException.java" line-rate="1.0" branch-rate="1.0" complexity="1.0">
					<methods>
						<method name="&lt;init&gt;" signature="(Ljava/lang/String;)V" line-rate="1.0" branch-rate="1.0">
							<lines>
								<line number="32" hits="2" branch="false"/>
								<line number="33" hits="2" branch="false"/>
							</lines>
						</method>
						<method name="&lt;init&gt;" signature="(Ljava/lang/Throwable;)V" line-rate="1.0" branch-rate="1.0">
							<lines>
								<line number="36" hits="12" branch="false"/>
								<line number="37" hits="12" branch="false"/>
							</lines>
						</method>
					</methods>
					<lines>
						<line number="32" hits="2" branch="false"/>
						<line number="33" hits="2" branch="false"/>
						<line number="36" hits="12" branch="false"/>
						<line number="37" hits="12" branch="false"/>
					</lines>
				</class>
			</classes>
		</package>
		<package name="com.pholser.util.properties.internal.separators" line-rate="1.0" branch-rate="1.0" complexity="1.4615384615384615">
			<classes>
				<class name="com.pholser.util.properties.internal.separators.RegexValueSeparator" filename="com/pholser/util/properties/internal/separators/RegexValueSeparator.java" line-rate="1.0" branch-rate="1.0" complexity="1.5">
					<methods>
						<method name="&lt;init&gt;" signature="(Ljava/lang/String;Ljava/lang/reflect/Method;)V" line-rate="1.0" branch-rate="1.0">
							<lines>
								<line number="41" hits="15817" branch="false"/>
								<line number="43" hits="15817" branch="false"/>
								<line number="44" hits="1" branch="false"/>
								<line number="45" hits="1" branch="false"/>
								<line number="46" hits="15816" branch="false"/>
								<line number="47" hits="15816" branch="false"/>
							</lines>
						</method>
						<method name="isDefault" signature="()Z" line-rate="1.0" branch-rate="1.0">
							<lines>
								<line number="61" hits="90" branch="false"/>
							</lines>
						</method>
						<method name="resolve" signature="(Lcom/pholser/util/properties/PropertySource;)V" line-rate="1.0" branch-rate="1.0">
							<lines>
								<line number="57" hits="16043" branch="false"/>
							</lines>
						</method>
						<method name="separate" signature="(Ljava/lang/String;)[Ljava/lang/String;" line-rate="1.0" branch-rate="1.0">
							<lines>
								<line number="51" hits="8122" branch="false"/>
							</lines>
						</method>
					</methods>
					<lines>
						<line number="41" hits="15817" branch="false"/>
						<line number="43" hits="15817" branch="false"/>
						<line number="44" hits="1" branch="false"/>
						<line number="45" hits="1" branch="false"/>
						<line number="46" hits="15816" branch="false"/>
						<line number="47" hits="15816" branch="false"/>
						<line number="51" hits="8122" branch="false"/>
						<line number="57" hits="16043" branch="false"/>
						<line number="61" hits="90" branch="false"/>
					</lines>
				</class>
				<class name="com.pholser.util.properties.internal.separators.SubstitutableRegexValueSeparator" filename="com/pholser/util/properties/internal/separators/SubstitutableRegexValueSeparator.java" line-rate="1.0" branch-rate="1.0" complexity="1.0">
					<methods>
						<method name="&lt;init&gt;" signature="(Ljava/lang/String;Ljava/lang/reflect/Method;)V" line-rate="1.0" branch-rate="1.0">
							<lines>
								<line number="40" hits="87" branch="false"/>
								<line number="41" hits="87" branch="false"/>
								<line number="42" hits="87" branch="false"/>
								<line number="43" hits="87" branch="false"/>
							</lines>
						</method>
						<method name="isDefault" signature="()Z" line-rate="1.0" branch-rate="1.0">
							<lines>
								<line number="59" hits="1" branch="false"/>
							</lines>
						</method>
						<method name="resolve" signature="(Lcom/pholser/util/properties/PropertySource;)V" line-rate="1.0" branch-rate="1.0">
							<lines>
								<line number="52" hits="86" branch="false"/>
								<line number="53" hits="84" branch="false"/>
								<line number="54" hits="84" branch="false"/>
								<line number="55" hits="84" branch="false"/>
							</lines>
						</method>
						<method name="separate" signature="(Ljava/lang/String;)[Ljava/lang/String;" line-rate="1.0" branch-rate="1.0">
							<lines>
								<line number="47" hits="3" branch="false"/>
							</lines>
						</method>
					</methods>
					<lines>
						<line number="40" hits="87" branch="false"/>
						<line number="41" hits="87" branch="false"/>
						<line number="42" hits="87" branch="false"/>
						<line number="43" hits="87" branch="false"/>
						<line number="47" hits="3" branch="false"/>
						<line number="52" hits="86" branch="false"/>
						<line number="53" hits="84" branch="false"/>
						<line number="54" hits="84" branch="false"/>
						<line number="55" hits="84" branch="false"/>
						<line number="59" hits="1" branch="false"/>
					</lines>
				</class>
				<class name="com.pholser.util.properties.internal.separators.ValueSeparator" filename="com/pholser/util/properties/internal/separators/ValueSeparator.java" line-rate="1.0" branch-rate="1.0" complexity="1.0">
					<methods>
					</methods>
					<lines>
					</lines>
				</class>
				<class name="com.pholser.util.properties.internal.separators.ValueSeparatorFactory" filename="com/pholser/util/properties/internal/separators/ValueSeparatorFactory.java" line-rate="1.0" branch-rate="1.0" complexity="3.0">
					<methods>
						<method name="&lt;init&gt;" signature="()V" line-rate="1.0" branch-rate="1.0">
							<lines>
								<line number="34" hits="301" branch="false"/>
							</lines>
						</method>
						<method name="createSeparator" signature="(Lcom/pholser/util/properties/ValuesSeparatedBy;Ljava/lang/reflect/Method;)Lcom/pholser/util/properties/internal/separators/ValueSeparator;" line-rate="1.0" branch-rate="1.0">
							<lines>
								<line number="36" hits="15820" branch="false"/>
								<line number="37" hits="15820" branch="true" condition-coverage="100% (2/2)">
									<conditions>
										<condition number="0" type="jump" coverage="100%"/>
									</conditions>
								</line>
							</lines>
						</method>
						<method name="createSeparatorBasedOnSpec" signature="(Lcom/pholser/util/properties/ValuesSeparatedBy;Ljava/lang/reflect/Method;)Lcom/pholser/util/properties/internal/separators/ValueSeparator;" line-rate="1.0" branch-rate="1.0">
							<lines>
								<line number="43" hits="7889" branch="true" condition-coverage="100% (4/4)">
									<conditions>
										<condition number="0" type="jump" coverage="100%"/>
										<condition number="1" type="jump" coverage="100%"/>
									</conditions>
								</line>
								<line number="44" hits="87" branch="false"/>
								<line number="45" hits="7802" branch="false"/>
							</lines>
						</method>
					</methods>
					<lines>
						<line number="34" hits="301" branch="false"/>
						<line number="36" hits="15820" branch="false"/>
						<line number="37" hits="15820" branch="true" condition-coverage="100% (2/2)">
							<conditions>
								<condition number="0" type="jump" coverage="100%"/>
							</conditions>
						</line>
						<line number="43" hits="7889" branch="true" condition-coverage="100% (4/4)">
							<conditions>
								<condition number="0" type="jump" coverage="100%"/>
								<condition number="1" type="jump" coverage="100%"/>
							</conditions>
						</line>
						<line number="44" hits="87" branch="false"/>
						<line number="45" hits="7802" branch="false"/>
					</lines>
				</class>
			</classes>
		</package>
		<package name="com.pholser.util.properties.internal.validation" line-rate="1.0" branch-rate="1.0" complexity="3.75">
			<classes>
				<class name="com.pholser.util.properties.internal.validation.SchemaValidator" filename="com/pholser/util/properties/internal/validation/SchemaValidator.java" line-rate="1.0" branch-rate="1.0" complexity="3.75">
					<methods>
						<method name="&lt;init&gt;" signature="()V" line-rate="1.0" branch-rate="1.0">
							<lines>
								<line number="51" hits="301" branch="false"/>
								<line number="52" hits="301" branch="false"/>
								<line number="53" hits="301" branch="false"/>
								<line number="54" hits="301" branch="false"/>
							</lines>
						</method>
						<method name="collectConverter" signature="(Ljava/util/Map;Ljava/util/Map;Ljava/lang/reflect/Method;Ljava/lang/String;)V" line-rate="1.0" branch-rate="1.0">
							<lines>
								<line number="106" hits="19318" branch="false"/>
								<line number="107" hits="19306" branch="false"/>
							</lines>
						</method>
						<method name="collectDefaultValue" signature="(Ljava/util/Map;Lcom/pholser/util/properties/internal/conversions/ValueConverter;Ljava/lang/reflect/Method;Ljava/lang/String;)V" line-rate="1.0" branch-rate="1.0">
							<lines>
								<line number="112" hits="19306" branch="false"/>
								<line number="113" hits="19302" branch="true" condition-coverage="100% (2/2)">
									<conditions>
										<condition number="0" type="jump" coverage="100%"/>
									</conditions>
								</line>
								<line number="114" hits="8988" branch="false"/>
								<line number="115" hits="19302" branch="false"/>
							</lines>
						</method>
						<method name="collectSeparatorIfAggregateType" signature="(Ljava/util/Map;Ljava/lang/reflect/Method;Ljava/lang/String;)V" line-rate="1.0" branch-rate="1.0">
							<lines>
								<line number="88" hits="19321" branch="false"/>
								<line number="89" hits="19321" branch="false"/>
								<line number="90" hits="19321" branch="true" condition-coverage="100% (2/2)">
									<conditions>
										<condition number="0" type="jump" coverage="100%"/>
									</conditions>
								</line>
								<line number="91" hits="7891" branch="true" condition-coverage="100% (2/2)">
									<conditions>
										<condition number="0" type="jump" coverage="100%"/>
									</conditions>
								</line>
								<line number="92" hits="1" branch="false"/>
								<line number="94" hits="7890" branch="true" condition-coverage="100% (4/4)">
									<conditions>
										<condition number="0" type="jump" coverage="100%"/>
										<condition number="1" type="jump" coverage="100%"/>
									</conditions>
								</line>
								<line number="95" hits="1" branch="false"/>
								<line number="99" hits="19319" branch="true" condition-coverage="100% (2/2)">
									<conditions>
										<condition number="0" type="jump" coverage="100%"/>
									</conditions>
								</line>
								<line number="100" hits="15820" branch="false"/>
								<line number="101" hits="19318" branch="false"/>
							</lines>
						</method>
						<method name="createDefaultValue" signature="(Ljava/lang/reflect/Method;Lcom/pholser/util/properties/internal/conversions/ValueConverter;)Lcom/pholser/util/properties/internal/defaultvalues/DefaultValue;" line-rate="1.0" branch-rate="1.0">
							<lines>
								<line number="118" hits="19306" branch="false"/>
								<line number="119" hits="19306" branch="true" condition-coverage="100% (2/2)">
									<conditions>
										<condition number="0" type="jump" coverage="100%"/>
									</conditions>
								</line>
								<line number="120" hits="10314" branch="false"/>
								<line number="122" hits="8992" branch="false"/>
								<line number="123" hits="8992" branch="false"/>
								<line number="124" hits="8992" branch="true" condition-coverage="100% (4/4)">
									<conditions>
										<condition number="0" type="jump" coverage="100%"/>
										<condition number="1" type="jump" coverage="100%"/>
									</conditions>
								</line>
								<line number="125" hits="1" branch="false"/>
								<line number="126" hits="8991" branch="true" condition-coverage="100% (4/4)">
									<conditions>
										<condition number="0" type="jump" coverage="100%"/>
										<condition number="1" type="jump" coverage="100%"/>
									</conditions>
								</line>
								<line number="127" hits="1" branch="false"/>
								<line number="129" hits="8990" branch="false"/>
							</lines>
						</method>
						<method name="ensureInterface" signature="(Ljava/lang/Class;)V" line-rate="1.0" branch-rate="1.0">
							<lines>
								<line number="76" hits="301" branch="true" condition-coverage="100% (2/2)">
									<conditions>
										<condition number="0" type="jump" coverage="100%"/>
									</conditions>
								</line>
								<line number="77" hits="1" branch="false"/>
								<line number="78" hits="299" branch="false"/>
							</lines>
						</method>
						<method name="ensureNoSuperinterfaces" signature="(Ljava/lang/Class;)V" line-rate="1.0" branch-rate="1.0">
							<lines>
								<line number="81" hits="299" branch="true" condition-coverage="100% (2/2)">
									<conditions>
										<condition number="0" type="jump" coverage="100%"/>
									</conditions>
								</line>
								<line number="82" hits="2" branch="false"/>
								<line number="83" hits="297" branch="false"/>
							</lines>
						</method>
						<method name="isAggregateType" signature="(Ljava/lang/Class;)Z" line-rate="1.0" branch-rate="1.0">
							<lines>
								<line number="133" hits="19321" branch="true" condition-coverage="100% (4/4)">
									<conditions>
										<condition number="0" type="jump" coverage="100%"/>
										<condition number="1" type="jump" coverage="100%"/>
									</conditions>
								</line>
							</lines>
						</method>
						<method name="validate" signature="(Ljava/lang/Class;)Lcom/pholser/util/properties/internal/ValidatedSchema;" line-rate="1.0" branch-rate="1.0">
							<lines>
								<line number="57" hits="301" branch="false"/>
								<line number="58" hits="299" branch="false"/>
								<line number="60" hits="297" branch="false"/>
								<line number="61" hits="297" branch="false"/>
								<line number="62" hits="297" branch="false"/>
								<line number="63" hits="297" branch="false"/>
								<line number="65" hits="19599" branch="true" condition-coverage="100% (2/2)">
									<conditions>
										<condition number="0" type="jump" coverage="100%"/>
									</conditions>
								</line>
								<line number="66" hits="19321" branch="false"/>
								<line number="67" hits="19321" branch="false"/>
								<line number="68" hits="19318" branch="false"/>
								<line number="69" hits="19306" branch="false"/>
								<line number="72" hits="278" branch="false"/>
							</lines>
						</method>
					</methods>
					<lines>
						<line number="51" hits="301" branch="false"/>
						<line number="52" hits="301" branch="false"/>
						<line number="53" hits="301" branch="false"/>
						<line number="54" hits="301" branch="false"/>
						<line number="57" hits="301" branch="false"/>
						<line number="58" hits="299" branch="false"/>
						<line number="60" hits="297" branch="false"/>
						<line number="61" hits="297" branch="false"/>
						<line number="62" hits="297" branch="false"/>
						<line number="63" hits="297" branch="false"/>
						<line number="65" hits="19599" branch="true" condition-coverage="100% (2/2)">
							<conditions>
								<condition number="0" type="jump" coverage="100%"/>
							</conditions>
						</line>
						<line number="66" hits="19321" branch="false"/>
						<line number="67" hits="19321" branch="false"/>
						<line number="68" hits="19318" branch="false"/>
						<line number="69" hits="19306" branch="false"/>
						<line number="72" hits="278" branch="false"/>
						<line number="76" hits="301" branch="true" condition-coverage="100% (2/2)">
							<conditions>
								<condition number="0" type="jump" coverage="100%"/>
							</conditions>
						</line>
						<line number="77" hits="1" branch="false"/>
						<line number="78" hits="299" branch="false"/>
						<line number="81" hits="299" branch="true" condition-coverage="100% (2/2)">
							<conditions>
								<condition number="0" type="jump" coverage="100%"/>
							</conditions>
						</line>
						<line number="82" hits="2" branch="false"/>
						<line number="83" hits="297" branch="false"/>
						<line number="88" hits="19321" branch="false"/>
						<line number="89" hits="19321" branch="false"/>
						<line number="90" hits="19321" branch="true" condition-coverage="100% (2/2)">
							<conditions>
								<condition number="0" type="jump" coverage="100%"/>
							</conditions>
						</line>
						<line number="91" hits="7891" branch="true" condition-coverage="100% (2/2)">
							<conditions>
								<condition number="0" type="jump" coverage="100%"/>
							</conditions>
						</line>
						<line number="92" hits="1" branch="false"/>
						<line number="94" hits="7890" branch="true" condition-coverage="100% (4/4)">
							<conditions>
								<condition number="0" type="jump" coverage="100%"/>
								<condition number="1" type="jump" coverage="100%"/>
							</conditions>
						</line>
						<line number="95" hits="1" branch="false"/>
						<line number="99" hits="19319" branch="true" condition-coverage="100% (2/2)">
							<conditions>
								<condition number="0" type="jump" coverage="100%"/>
							</conditions>
						</line>
						<line number="100" hits="15820" branch="false"/>
						<line number="101" hits="19318" branch="false"/>
						<line number="106" hits="19318" branch="false"/>
						<line number="107" hits="19306" branch="false"/>
						<line number="112" hits="19306" branch="false"/>
						<line number="113" hits="19302" branch="true" condition-coverage="100% (2/2)">
							<conditions>
								<condition number="0" type="jump" coverage="100%"/>
							</conditions>
						</line>
						<line number="114" hits="8988" branch="false"/>
						<line number="115" hits="19302" branch="false"/>
						<line number="118" hits="19306" branch="false"/>
						<line number="119" hits="19306" branch="true" condition-coverage="100% (2/2)">
							<conditions>
								<condition number="0" type="jump" coverage="100%"/>
							</conditions>
						</line>
						<line number="120" hits="10314" branch="false"/>
						<line number="122" hits="8992" branch="false"/>
						<line number="123" hits="8992" branch="false"/>
						<line number="124" hits="8992" branch="true" condition-coverage="100% (4/4)">
							<conditions>
								<condition number="0" type="jump" coverage="100%"/>
								<condition number="1" type="jump" coverage="100%"/>
							</conditions>
						</line>
						<line number="125" hits="1" branch="false"/>
						<line number="126" hits="8991" branch="true" condition-coverage="100% (4/4)">
							<conditions>
								<condition number="0" type="jump" coverage="100%"/>
								<condition number="1" type="jump" coverage="100%"/>
							</conditions>
						</line>
						<line number="127" hits="1" branch="false"/>
						<line number="129" hits="8990" branch="false"/>
						<line number="133" hits="19321" branch="true" condition-coverage="100% (4/4)">
							<conditions>
								<condition number="0" type="jump" coverage="100%"/>
								<condition number="1" type="jump" coverage="100%"/>
							</conditions>
						</line>
					</lines>
				</class>
			</classes>
		</package>
	</packages>
</coverage>
